info: 2020-10-15T17:56:40.700Z Server running on port 3002
info: 2020-10-15T18:17:10.221Z Server running on port 3002
info: 2020-10-15T18:17:23.218Z ::1 - GET /products HTTP/1.1 200 165 - 1.413 ms
info: 2020-10-19T16:44:06.782Z Server running on port 3002
info: 2020-10-19T16:44:15.897Z ::1 - GET / HTTP/1.1 401 - - 3.117 ms
info: 2020-10-19T16:44:20.957Z ::1 user GET / HTTP/1.1 401 - - 1.371 ms
info: 2020-10-19T16:44:25.067Z ::1 user GET / HTTP/1.1 200 18 - 1.405 ms
info: 2020-10-19T16:44:25.201Z ::1 user GET /favicon.ico HTTP/1.1 404 150 - 0.687 ms
info: 2020-10-20T17:35:13.086Z Server running on port 3000
info: 2020-10-20T17:35:19.753Z ::1 - GET /users HTTP/1.1 200 2 - 1.554 ms
info: 2020-10-20T17:35:26.375Z ::1 - POST /users HTTP/1.1 201 25 - 50.907 ms
info: 2020-10-20T17:35:29.194Z Email or username already exist on database.
info: 2020-10-20T17:35:29.196Z ::1 - POST /users HTTP/1.1 409 36 - 1.505 ms
info: 2020-10-24T08:54:12.925Z Server running on port 3000
info: 2020-10-24T08:54:17.158Z ::1 - GET / HTTP/1.1 401 - - 0.865 ms
info: 2020-10-24T08:54:23.205Z ::1 maria GET / HTTP/1.1 401 - - 1.431 ms
info: 2020-10-24T08:54:47.080Z ::1 user GET / HTTP/1.1 200 18 - 1.686 ms
info: 2020-10-24T08:54:47.217Z ::1 user GET /favicon.ico HTTP/1.1 404 150 - 0.960 ms
info: 2020-10-24T08:57:59.666Z Server running on port 3000
info: 2020-10-24T09:01:29.156Z Server running on port 3000
info: 2020-10-24T09:03:26.808Z Server running on port 3000
info: 2020-10-24T09:04:19.342Z ::1 - GET /users HTTP/1.1 200 2 - 1.530 ms
info: 2020-10-24T09:05:24.686Z ::1 - POST /users HTTP/1.1 201 25 - 51.491 ms
info: 2020-10-24T09:05:39.375Z User user could not authenticated.
info: 2020-10-24T09:05:39.379Z ::1 user GET / HTTP/1.1 401 - - 8.438 ms
info: 2020-10-24T09:05:45.384Z User maria did not complete authentication. Wrong pass.
info: 2020-10-24T09:05:45.385Z ::1 maria GET / HTTP/1.1 401 - - 48.950 ms
info: 2020-10-24T09:05:51.076Z User maria did not complete authentication. Wrong pass.
info: 2020-10-24T09:05:51.077Z ::1 maria GET / HTTP/1.1 401 - - 48.455 ms
info: 2020-10-24T09:05:53.723Z User lkjlk could not authenticated.
info: 2020-10-24T09:05:53.724Z ::1 lkjlk GET / HTTP/1.1 401 - - 0.424 ms
info: 2020-10-24T09:05:58.381Z User maria completed authentication
info: 2020-10-24T09:05:58.382Z ::1 maria GET / HTTP/1.1 304 - - 50.456 ms
info: 2020-10-24T09:06:28.540Z Server running on port 3000
info: 2020-10-24T09:06:36.730Z Server running on port 3000
warn: 2020-10-24T09:06:42.153Z User maria could not authenticated.
info: 2020-10-24T09:06:42.162Z ::1 maria GET / HTTP/1.1 401 - - 13.732 ms
info: 2020-10-24T09:06:47.891Z ::1 lkjlkj GET / HTTP/1.1 401 - - 0.280 ms
warn: 2020-10-24T09:06:59.795Z User pepin could not authenticated.
info: 2020-10-24T09:06:59.796Z ::1 pepin GET / HTTP/1.1 401 - - 0.630 ms
warn: 2020-10-24T09:07:11.715Z User maria could not authenticated.
info: 2020-10-24T09:07:11.716Z ::1 maria GET / HTTP/1.1 401 - - 0.392 ms
warn: 2020-10-24T09:07:26.194Z User maria could not authenticated.
info: 2020-10-24T09:07:26.195Z ::1 maria GET / HTTP/1.1 401 - - 0.539 ms
info: 2020-10-24T09:07:39.810Z ::1 - GET /users HTTP/1.1 200 2 - 1.212 ms
info: 2020-10-24T09:07:43.176Z ::1 - POST /users HTTP/1.1 201 25 - 49.709 ms
info: 2020-10-24T09:07:50.332Z User maria completed authentication
info: 2020-10-24T09:07:50.333Z ::1 maria GET / HTTP/1.1 304 - - 49.713 ms
info: 2020-10-24T16:21:41.167Z Server running on port 3000
info: 2020-10-24T16:21:45.008Z ::1 - POST /users/login HTTP/1.1 400 31 - 2.916 ms
info: 2020-10-25T16:32:07.109Z Server running on port 3000
info: 2020-10-25T16:32:13.178Z ::1 - GET /users HTTP/1.1 200 2 - 1.683 ms
info: 2020-10-25T16:32:16.302Z ::1 - POST /users HTTP/1.1 201 25 - 50.011 ms
info: 2020-10-25T16:32:20.604Z User maria completed authentication
info: 2020-10-25T16:32:20.605Z ::1 - POST /users/login HTTP/1.1 200 199 - 50.191 ms
info: 2020-10-25T16:32:41.132Z ::1 - GET / HTTP/1.1 500 1614 - 0.984 ms
info: 2020-10-25T16:39:06.466Z Server running on port 3000
info: 2020-10-25T16:39:10.968Z JWT token is not valid. User with id 659d4409-e0bd-43d9-9a8b-d8a8e7133a65 does not exist.
info: 2020-10-25T16:39:10.971Z ::1 - GET / HTTP/1.1 401 - - 2.558 ms
info: 2020-10-25T16:39:16.303Z ::1 - GET /users HTTP/1.1 200 2 - 1.202 ms
info: 2020-10-25T16:39:19.416Z ::1 - POST /users HTTP/1.1 201 25 - 50.411 ms
info: 2020-10-25T16:39:22.817Z User maria completed authentication
info: 2020-10-25T16:39:22.817Z ::1 - POST /users/login HTTP/1.1 200 199 - 50.023 ms
info: 2020-10-25T16:39:59.000Z User maria got a valid token. Auth OK
info: 2020-10-25T16:39:59.000Z [object Object]
info: 2020-10-25T16:39:59.001Z ::1 - GET / HTTP/1.1 200 18 - 1.116 ms
